<?xml version="1.0" encoding="UTF-8"?>
<testsuite name="ru.spbau.kirilenko.hw2Lazy.LazyFactoryTest" tests="1" skipped="0" failures="0" errors="0" timestamp="2018-02-23T19:22:15" hostname="Andrey" time="0.0">
  <properties/>
  <testcase name="testSingleThreadLazy" classname="ru.spbau.kirilenko.hw2Lazy.LazyFactoryTest" time="0.0"/>
  <system-out><![CDATA[]]></system-out>
  <system-err><![CDATA[]]></system-err>
</testsuite>
